[2026-01-23T12:51:36.351+0000] {manager.py:469} INFO - Processing files using up to 2 processes at a time 
[2026-01-23T12:51:36.352+0000] {manager.py:470} INFO - Process each file at most once every 30 seconds
[2026-01-23T12:51:36.354+0000] {manager.py:471} INFO - Checking for new files in /opt/airflow/dags every 300 seconds
[2026-01-23T12:51:36.355+0000] {manager.py:738} INFO - Searching for files in /opt/airflow/dags
[2026-01-23T12:51:36.359+0000] {manager.py:741} INFO - There are 0 files in /opt/airflow/dags
[2026-01-23T12:52:36.068+0000] {manager.py:469} INFO - Processing files using up to 2 processes at a time 
[2026-01-23T12:52:36.069+0000] {manager.py:470} INFO - Process each file at most once every 30 seconds
[2026-01-23T12:52:36.069+0000] {manager.py:471} INFO - Checking for new files in /opt/airflow/dags every 300 seconds
[2026-01-23T12:52:36.069+0000] {manager.py:738} INFO - Searching for files in /opt/airflow/dags
[2026-01-23T12:52:36.070+0000] {manager.py:741} INFO - There are 0 files in /opt/airflow/dags
[2026-01-23T12:52:53.771+0000] {manager.py:451} INFO - Exiting gracefully upon receiving signal 15
[2026-01-23T12:53:18.011+0000] {manager.py:469} INFO - Processing files using up to 2 processes at a time 
[2026-01-23T12:53:18.012+0000] {manager.py:470} INFO - Process each file at most once every 30 seconds
[2026-01-23T12:53:18.012+0000] {manager.py:471} INFO - Checking for new files in /opt/airflow/dags every 300 seconds
[2026-01-23T12:53:18.012+0000] {manager.py:738} INFO - Searching for files in /opt/airflow/dags
[2026-01-23T12:53:18.013+0000] {manager.py:741} INFO - There are 0 files in /opt/airflow/dags
[2026-01-23T12:56:08.801+0000] {manager.py:451} INFO - Exiting gracefully upon receiving signal 15
[2026-01-23T12:56:28.508+0000] {manager.py:469} INFO - Processing files using up to 2 processes at a time 
[2026-01-23T12:56:28.510+0000] {manager.py:470} INFO - Process each file at most once every 30 seconds
[2026-01-23T12:56:28.510+0000] {manager.py:471} INFO - Checking for new files in /opt/airflow/dags every 300 seconds
[2026-01-23T12:56:28.510+0000] {manager.py:738} INFO - Searching for files in /opt/airflow/dags
[2026-01-23T12:56:28.511+0000] {manager.py:741} INFO - There are 0 files in /opt/airflow/dags
[2026-01-23T13:01:29.265+0000] {manager.py:738} INFO - Searching for files in /opt/airflow/dags
[2026-01-23T13:01:29.273+0000] {manager.py:741} INFO - There are 1 files in /opt/airflow/dags
[2026-01-23T13:01:31.358+0000] {manager.py:879} INFO - 
================================================================================
DAG File Processing Stats

File Path                      PID    Runtime      # DAGs    # Errors  Last Runtime    Last Run
-----------------------------  -----  ---------  --------  ----------  --------------  -------------------
/opt/airflow/dags/test_dag.py                           1           0  0.24s           2026-01-23T13:01:29
================================================================================
[2026-01-23T13:02:01.614+0000] {manager.py:879} INFO - 
================================================================================
DAG File Processing Stats

File Path                      PID    Runtime      # DAGs    # Errors  Last Runtime    Last Run
-----------------------------  -----  ---------  --------  ----------  --------------  -------------------
/opt/airflow/dags/test_dag.py                           1           0  0.07s           2026-01-23T13:01:59
================================================================================
[2026-01-23T13:02:31.903+0000] {manager.py:879} INFO - 
================================================================================
DAG File Processing Stats

File Path                      PID    Runtime      # DAGs    # Errors  Last Runtime    Last Run
-----------------------------  -----  ---------  --------  ----------  --------------  -------------------
/opt/airflow/dags/test_dag.py                           1           0  0.05s           2026-01-23T13:02:29
================================================================================
[2026-01-23T13:03:02.187+0000] {manager.py:879} INFO - 
================================================================================
DAG File Processing Stats

File Path                      PID    Runtime      # DAGs    # Errors  Last Runtime    Last Run
-----------------------------  -----  ---------  --------  ----------  --------------  -------------------
/opt/airflow/dags/test_dag.py                           1           0  0.09s           2026-01-23T13:03:00
================================================================================
[2026-01-23T13:03:32.428+0000] {manager.py:879} INFO - 
================================================================================
DAG File Processing Stats

File Path                      PID    Runtime      # DAGs    # Errors  Last Runtime    Last Run
-----------------------------  -----  ---------  --------  ----------  --------------  -------------------
/opt/airflow/dags/test_dag.py                           1           0  0.07s           2026-01-23T13:03:30
================================================================================
[2026-01-23T13:04:02.683+0000] {manager.py:879} INFO - 
================================================================================
DAG File Processing Stats

File Path                      PID    Runtime      # DAGs    # Errors  Last Runtime    Last Run
-----------------------------  -----  ---------  --------  ----------  --------------  -------------------
/opt/airflow/dags/test_dag.py                           1           0  0.07s           2026-01-23T13:04:00
================================================================================
[2026-01-23T13:04:32.965+0000] {manager.py:879} INFO - 
================================================================================
DAG File Processing Stats

File Path                      PID    Runtime      # DAGs    # Errors  Last Runtime    Last Run
-----------------------------  -----  ---------  --------  ----------  --------------  -------------------
/opt/airflow/dags/test_dag.py                           1           0  0.10s           2026-01-23T13:04:31
================================================================================
[2026-01-23T13:05:03.241+0000] {manager.py:879} INFO - 
================================================================================
DAG File Processing Stats

File Path                      PID    Runtime      # DAGs    # Errors  Last Runtime    Last Run
-----------------------------  -----  ---------  --------  ----------  --------------  -------------------
/opt/airflow/dags/test_dag.py                           1           0  0.08s           2026-01-23T13:05:01
================================================================================
[2026-01-23T13:05:33.501+0000] {manager.py:879} INFO - 
================================================================================
DAG File Processing Stats

File Path                      PID    Runtime      # DAGs    # Errors  Last Runtime    Last Run
-----------------------------  -----  ---------  --------  ----------  --------------  -------------------
/opt/airflow/dags/test_dag.py                           1           0  0.07s           2026-01-23T13:05:31
================================================================================
[2026-01-23T13:06:03.753+0000] {manager.py:879} INFO - 
================================================================================
DAG File Processing Stats

File Path                      PID    Runtime      # DAGs    # Errors  Last Runtime    Last Run
-----------------------------  -----  ---------  --------  ----------  --------------  -------------------
/opt/airflow/dags/test_dag.py                           1           0  0.06s           2026-01-23T13:06:01
================================================================================
[2026-01-23T13:06:29.999+0000] {manager.py:738} INFO - Searching for files in /opt/airflow/dags
[2026-01-23T13:06:30.006+0000] {manager.py:741} INFO - There are 1 files in /opt/airflow/dags
[2026-01-23T13:06:34.072+0000] {manager.py:879} INFO - 
================================================================================
DAG File Processing Stats

File Path                      PID    Runtime      # DAGs    # Errors  Last Runtime    Last Run
-----------------------------  -----  ---------  --------  ----------  --------------  -------------------
/opt/airflow/dags/test_dag.py                           1           0  0.07s           2026-01-23T13:06:32
================================================================================
[2026-01-23T13:07:04.325+0000] {manager.py:879} INFO - 
================================================================================
DAG File Processing Stats

File Path                      PID    Runtime      # DAGs    # Errors  Last Runtime    Last Run
-----------------------------  -----  ---------  --------  ----------  --------------  -------------------
/opt/airflow/dags/test_dag.py                           1           0  0.07s           2026-01-23T13:07:02
================================================================================
[2026-01-23T13:07:34.592+0000] {manager.py:879} INFO - 
================================================================================
DAG File Processing Stats

File Path                      PID    Runtime      # DAGs    # Errors  Last Runtime    Last Run
-----------------------------  -----  ---------  --------  ----------  --------------  -------------------
/opt/airflow/dags/test_dag.py                           1           0  0.06s           2026-01-23T13:07:32
================================================================================
[2026-01-23T13:08:04.893+0000] {manager.py:879} INFO - 
================================================================================
DAG File Processing Stats

File Path                      PID    Runtime      # DAGs    # Errors  Last Runtime    Last Run
-----------------------------  -----  ---------  --------  ----------  --------------  -------------------
/opt/airflow/dags/test_dag.py                           1           0  0.07s           2026-01-23T13:08:02
================================================================================
[2026-01-23T13:08:35.176+0000] {manager.py:879} INFO - 
================================================================================
DAG File Processing Stats

File Path                      PID    Runtime      # DAGs    # Errors  Last Runtime    Last Run
-----------------------------  -----  ---------  --------  ----------  --------------  -------------------
/opt/airflow/dags/test_dag.py                           1           0  0.08s           2026-01-23T13:08:33
================================================================================
[2026-01-23T13:09:05.464+0000] {manager.py:879} INFO - 
================================================================================
DAG File Processing Stats

File Path                      PID    Runtime      # DAGs    # Errors  Last Runtime    Last Run
-----------------------------  -----  ---------  --------  ----------  --------------  -------------------
/opt/airflow/dags/test_dag.py                           1           0  0.08s           2026-01-23T13:09:03
================================================================================
[2026-01-23T13:09:35.707+0000] {manager.py:879} INFO - 
================================================================================
DAG File Processing Stats

File Path                      PID    Runtime      # DAGs    # Errors  Last Runtime    Last Run
-----------------------------  -----  ---------  --------  ----------  --------------  -------------------
/opt/airflow/dags/test_dag.py                           1           0  0.06s           2026-01-23T13:09:33
================================================================================
[2026-01-23T13:10:02.290+0000] {manager.py:451} INFO - Exiting gracefully upon receiving signal 15
[2026-01-23T13:10:28.214+0000] {manager.py:469} INFO - Processing files using up to 2 processes at a time 
[2026-01-23T13:10:28.214+0000] {manager.py:470} INFO - Process each file at most once every 30 seconds
[2026-01-23T13:10:28.214+0000] {manager.py:471} INFO - Checking for new files in /opt/airflow/dags every 300 seconds
[2026-01-23T13:10:28.214+0000] {manager.py:738} INFO - Searching for files in /opt/airflow/dags
[2026-01-23T13:10:28.216+0000] {manager.py:741} INFO - There are 1 files in /opt/airflow/dags
[2026-01-23T13:10:28.257+0000] {manager.py:879} INFO - 
================================================================================
DAG File Processing Stats

File Path                        PID  Runtime      # DAGs    # Errors  Last Runtime    Last Run
-----------------------------  -----  ---------  --------  ----------  --------------  ----------
/opt/airflow/dags/test_dag.py    166  0.02s             0           0
================================================================================
[2026-01-23T13:10:58.510+0000] {manager.py:879} INFO - 
================================================================================
DAG File Processing Stats

File Path                        PID  Runtime      # DAGs    # Errors  Last Runtime    Last Run
-----------------------------  -----  ---------  --------  ----------  --------------  -------------------
/opt/airflow/dags/test_dag.py    171  0.01s             1           0  0.07s           2026-01-23T13:10:28
================================================================================
[2026-01-23T13:11:28.830+0000] {manager.py:879} INFO - 
================================================================================
DAG File Processing Stats

File Path                        PID  Runtime      # DAGs    # Errors  Last Runtime    Last Run
-----------------------------  -----  ---------  --------  ----------  --------------  -------------------
/opt/airflow/dags/test_dag.py    176  0.01s             1           0  0.06s           2026-01-23T13:10:58
================================================================================
[2026-01-23T13:11:59.163+0000] {manager.py:879} INFO - 
================================================================================
DAG File Processing Stats

File Path                        PID  Runtime      # DAGs    # Errors  Last Runtime    Last Run
-----------------------------  -----  ---------  --------  ----------  --------------  -------------------
/opt/airflow/dags/test_dag.py    181  0.01s             1           0  0.16s           2026-01-23T13:11:28
================================================================================
[2026-01-23T13:12:29.525+0000] {manager.py:879} INFO - 
================================================================================
DAG File Processing Stats

File Path                        PID  Runtime      # DAGs    # Errors  Last Runtime    Last Run
-----------------------------  -----  ---------  --------  ----------  --------------  -------------------
/opt/airflow/dags/test_dag.py    186  0.01s             1           0  0.08s           2026-01-23T13:11:59
================================================================================
[2026-01-23T13:12:59.823+0000] {manager.py:879} INFO - 
================================================================================
DAG File Processing Stats

File Path                        PID  Runtime      # DAGs    # Errors  Last Runtime    Last Run
-----------------------------  -----  ---------  --------  ----------  --------------  -------------------
/opt/airflow/dags/test_dag.py    191  0.01s             1           0  0.08s           2026-01-23T13:12:29
================================================================================
[2026-01-23T13:13:30.175+0000] {manager.py:879} INFO - 
================================================================================
DAG File Processing Stats

File Path                        PID  Runtime      # DAGs    # Errors  Last Runtime    Last Run
-----------------------------  -----  ---------  --------  ----------  --------------  -------------------
/opt/airflow/dags/test_dag.py    196  0.03s             1           0  0.07s           2026-01-23T13:12:59
================================================================================
[2026-01-23T13:14:00.525+0000] {manager.py:879} INFO - 
================================================================================
DAG File Processing Stats

File Path                        PID  Runtime      # DAGs    # Errors  Last Runtime    Last Run
-----------------------------  -----  ---------  --------  ----------  --------------  -------------------
/opt/airflow/dags/test_dag.py    201  0.01s             1           0  0.12s           2026-01-23T13:13:30
================================================================================
[2026-01-23T13:14:30.828+0000] {manager.py:879} INFO - 
================================================================================
DAG File Processing Stats

File Path                        PID  Runtime      # DAGs    # Errors  Last Runtime    Last Run
-----------------------------  -----  ---------  --------  ----------  --------------  -------------------
/opt/airflow/dags/test_dag.py    206  0.01s             1           0  0.07s           2026-01-23T13:14:00
================================================================================
[2026-01-23T13:15:01.137+0000] {manager.py:879} INFO - 
================================================================================
DAG File Processing Stats

File Path                        PID  Runtime      # DAGs    # Errors  Last Runtime    Last Run
-----------------------------  -----  ---------  --------  ----------  --------------  -------------------
/opt/airflow/dags/test_dag.py    211  0.02s             1           0  0.09s           2026-01-23T13:14:30
================================================================================
[2026-01-23T13:15:28.429+0000] {manager.py:738} INFO - Searching for files in /opt/airflow/dags
[2026-01-23T13:15:28.434+0000] {manager.py:741} INFO - There are 1 files in /opt/airflow/dags
[2026-01-23T13:15:31.492+0000] {manager.py:879} INFO - 
================================================================================
DAG File Processing Stats

File Path                        PID  Runtime      # DAGs    # Errors  Last Runtime    Last Run
-----------------------------  -----  ---------  --------  ----------  --------------  -------------------
/opt/airflow/dags/test_dag.py    216  0.01s             1           0  0.10s           2026-01-23T13:15:01
================================================================================
[2026-01-23T13:16:01.796+0000] {manager.py:879} INFO - 
================================================================================
DAG File Processing Stats

File Path                        PID  Runtime      # DAGs    # Errors  Last Runtime    Last Run
-----------------------------  -----  ---------  --------  ----------  --------------  -------------------
/opt/airflow/dags/test_dag.py    221  0.01s             1           0  0.08s           2026-01-23T13:15:31
================================================================================
[2026-01-23T13:16:32.139+0000] {manager.py:879} INFO - 
================================================================================
DAG File Processing Stats

File Path                        PID  Runtime      # DAGs    # Errors  Last Runtime    Last Run
-----------------------------  -----  ---------  --------  ----------  --------------  -------------------
/opt/airflow/dags/test_dag.py    226  0.01s             1           0  0.09s           2026-01-23T13:16:01
================================================================================
[2026-01-23T13:17:02.410+0000] {manager.py:879} INFO - 
================================================================================
DAG File Processing Stats

File Path                        PID  Runtime      # DAGs    # Errors  Last Runtime    Last Run
-----------------------------  -----  ---------  --------  ----------  --------------  -------------------
/opt/airflow/dags/test_dag.py    231  0.02s             1           0  0.07s           2026-01-23T13:16:32
================================================================================
[2026-01-23T13:17:32.699+0000] {manager.py:879} INFO - 
================================================================================
DAG File Processing Stats

File Path                        PID  Runtime      # DAGs    # Errors  Last Runtime    Last Run
-----------------------------  -----  ---------  --------  ----------  --------------  -------------------
/opt/airflow/dags/test_dag.py    236  0.01s             1           0  0.09s           2026-01-23T13:17:02
================================================================================
[2026-01-23T13:18:02.941+0000] {manager.py:879} INFO - 
================================================================================
DAG File Processing Stats

File Path                        PID  Runtime      # DAGs    # Errors  Last Runtime    Last Run
-----------------------------  -----  ---------  --------  ----------  --------------  -------------------
/opt/airflow/dags/test_dag.py    241  0.00s             1           0  0.07s           2026-01-23T13:17:32
================================================================================
[2026-01-23T13:18:33.204+0000] {manager.py:879} INFO - 
================================================================================
DAG File Processing Stats

File Path                        PID  Runtime      # DAGs    # Errors  Last Runtime    Last Run
-----------------------------  -----  ---------  --------  ----------  --------------  -------------------
/opt/airflow/dags/test_dag.py    246  0.02s             1           0  0.07s           2026-01-23T13:18:03
================================================================================
[2026-01-23T13:19:03.486+0000] {manager.py:879} INFO - 
================================================================================
DAG File Processing Stats

File Path                        PID  Runtime      # DAGs    # Errors  Last Runtime    Last Run
-----------------------------  -----  ---------  --------  ----------  --------------  -------------------
/opt/airflow/dags/test_dag.py    251  0.01s             1           0  0.10s           2026-01-23T13:18:33
================================================================================
[2026-01-23T13:19:33.767+0000] {manager.py:879} INFO - 
================================================================================
DAG File Processing Stats

File Path                        PID  Runtime      # DAGs    # Errors  Last Runtime    Last Run
-----------------------------  -----  ---------  --------  ----------  --------------  -------------------
/opt/airflow/dags/test_dag.py    256  0.02s             1           0  0.07s           2026-01-23T13:19:03
================================================================================
[2026-01-23T13:20:04.034+0000] {manager.py:879} INFO - 
================================================================================
DAG File Processing Stats

File Path                        PID  Runtime      # DAGs    # Errors  Last Runtime    Last Run
-----------------------------  -----  ---------  --------  ----------  --------------  -------------------
/opt/airflow/dags/test_dag.py    261  0.01s             1           0  0.09s           2026-01-23T13:19:33
================================================================================
[2026-01-23T13:20:29.358+0000] {manager.py:738} INFO - Searching for files in /opt/airflow/dags
[2026-01-23T13:20:29.370+0000] {manager.py:741} INFO - There are 2 files in /opt/airflow/dags
[2026-01-23T13:20:34.472+0000] {manager.py:879} INFO - 
================================================================================
DAG File Processing Stats

File Path                                  PID  Runtime      # DAGs    # Errors  Last Runtime    Last Run
---------------------------------------  -----  ---------  --------  ----------  --------------  -------------------
/opt/airflow/dags/pipeline_olist_dag.py                           0           1  0.05s           2026-01-23T13:20:29
/opt/airflow/dags/test_dag.py              271  0.01s             1           0  0.08s           2026-01-23T13:20:04
================================================================================
[2026-01-23T13:21:04.809+0000] {manager.py:879} INFO - 
================================================================================
DAG File Processing Stats

File Path                                  PID  Runtime      # DAGs    # Errors  Last Runtime    Last Run
---------------------------------------  -----  ---------  --------  ----------  --------------  -------------------
/opt/airflow/dags/pipeline_olist_dag.py                           0           1  0.05s           2026-01-23T13:20:59
/opt/airflow/dags/test_dag.py              281  0.01s             1           0  0.08s           2026-01-23T13:20:34
================================================================================
[2026-01-23T13:21:35.170+0000] {manager.py:879} INFO - 
================================================================================
DAG File Processing Stats

File Path                                  PID  Runtime      # DAGs    # Errors  Last Runtime    Last Run
---------------------------------------  -----  ---------  --------  ----------  --------------  -------------------
/opt/airflow/dags/pipeline_olist_dag.py                           0           1  0.05s           2026-01-23T13:21:30
/opt/airflow/dags/test_dag.py              291  0.01s             1           0  0.07s           2026-01-23T13:21:04
================================================================================
[2026-01-23T13:22:05.486+0000] {manager.py:879} INFO - 
================================================================================
DAG File Processing Stats

File Path                                  PID  Runtime      # DAGs    # Errors  Last Runtime    Last Run
---------------------------------------  -----  ---------  --------  ----------  --------------  -------------------
/opt/airflow/dags/pipeline_olist_dag.py                           0           1  0.04s           2026-01-23T13:22:00
/opt/airflow/dags/test_dag.py              301  0.00s             1           0  0.09s           2026-01-23T13:21:35
================================================================================
[2026-01-23T13:22:35.817+0000] {manager.py:879} INFO - 
================================================================================
DAG File Processing Stats

File Path                                  PID  Runtime      # DAGs    # Errors  Last Runtime    Last Run
---------------------------------------  -----  ---------  --------  ----------  --------------  -------------------
/opt/airflow/dags/pipeline_olist_dag.py                           0           1  0.06s           2026-01-23T13:22:30
/opt/airflow/dags/test_dag.py              311  0.01s             1           0  0.07s           2026-01-23T13:22:05
================================================================================
[2026-01-23T13:23:04.639+0000] {manager.py:469} INFO - Processing files using up to 2 processes at a time 
[2026-01-23T13:23:04.639+0000] {manager.py:470} INFO - Process each file at most once every 30 seconds
[2026-01-23T13:23:04.640+0000] {manager.py:471} INFO - Checking for new files in /opt/airflow/dags every 300 seconds
[2026-01-23T13:23:04.640+0000] {manager.py:738} INFO - Searching for files in /opt/airflow/dags
[2026-01-23T13:23:04.645+0000] {manager.py:741} INFO - There are 2 files in /opt/airflow/dags
[2026-01-23T13:23:04.703+0000] {manager.py:879} INFO - 
================================================================================
DAG File Processing Stats

File Path                                  PID  Runtime      # DAGs    # Errors  Last Runtime    Last Run
---------------------------------------  -----  ---------  --------  ----------  --------------  ----------
/opt/airflow/dags/test_dag.py              170  0.03s             0           0
/opt/airflow/dags/pipeline_olist_dag.py    167  0.03s             0           0
================================================================================
[2026-01-23T13:23:34.999+0000] {manager.py:879} INFO - 
================================================================================
DAG File Processing Stats

File Path                                  PID  Runtime      # DAGs    # Errors  Last Runtime    Last Run
---------------------------------------  -----  ---------  --------  ----------  --------------  -------------------
/opt/airflow/dags/pipeline_olist_dag.py    177  0.02s             0           1  0.06s           2026-01-23T13:23:04
/opt/airflow/dags/test_dag.py              180  0.00s             1           0  0.08s           2026-01-23T13:23:04
================================================================================
[2026-01-23T13:24:05.406+0000] {manager.py:879} INFO - 
================================================================================
DAG File Processing Stats

File Path                                  PID  Runtime      # DAGs    # Errors  Last Runtime    Last Run
---------------------------------------  -----  ---------  --------  ----------  --------------  -------------------
/opt/airflow/dags/pipeline_olist_dag.py    187  0.02s             0           1  0.07s           2026-01-23T13:23:35
/opt/airflow/dags/test_dag.py              190  0.00s             1           0  0.08s           2026-01-23T13:23:35
================================================================================
[2026-01-23T13:24:35.715+0000] {manager.py:879} INFO - 
================================================================================
DAG File Processing Stats

File Path                                  PID  Runtime      # DAGs    # Errors  Last Runtime    Last Run
---------------------------------------  -----  ---------  --------  ----------  --------------  -------------------
/opt/airflow/dags/pipeline_olist_dag.py                           0           1  0.58s           2026-01-23T13:24:11
/opt/airflow/dags/test_dag.py              203  0.00s             1           0  0.06s           2026-01-23T13:24:05
================================================================================
[2026-01-23T13:25:06.040+0000] {manager.py:879} INFO - 
================================================================================
DAG File Processing Stats

File Path                                  PID  Runtime      # DAGs    # Errors  Last Runtime    Last Run
---------------------------------------  -----  ---------  --------  ----------  --------------  -------------------
/opt/airflow/dags/pipeline_olist_dag.py                           0           1  0.20s           2026-01-23T13:24:41
/opt/airflow/dags/test_dag.py              214  0.01s             1           0  0.04s           2026-01-23T13:24:35
================================================================================
[2026-01-23T13:25:36.401+0000] {manager.py:879} INFO - 
================================================================================
DAG File Processing Stats

File Path                                  PID  Runtime      # DAGs    # Errors  Last Runtime    Last Run
---------------------------------------  -----  ---------  --------  ----------  --------------  -------------------
/opt/airflow/dags/pipeline_olist_dag.py                           0           1  0.20s           2026-01-23T13:25:12
/opt/airflow/dags/test_dag.py              225  0.02s             1           0  0.08s           2026-01-23T13:25:06
================================================================================
[2026-01-23T13:26:06.738+0000] {manager.py:879} INFO - 
================================================================================
DAG File Processing Stats

File Path                                  PID  Runtime      # DAGs    # Errors  Last Runtime    Last Run
---------------------------------------  -----  ---------  --------  ----------  --------------  -------------------
/opt/airflow/dags/pipeline_olist_dag.py                           0           1  0.18s           2026-01-23T13:25:42
/opt/airflow/dags/test_dag.py              236  0.01s             1           0  0.10s           2026-01-23T13:25:36
================================================================================
[2026-01-23T13:26:37.184+0000] {manager.py:879} INFO - 
================================================================================
DAG File Processing Stats

File Path                                  PID  Runtime      # DAGs    # Errors  Last Runtime    Last Run
---------------------------------------  -----  ---------  --------  ----------  --------------  -------------------
/opt/airflow/dags/pipeline_olist_dag.py                           0           1  0.27s           2026-01-23T13:26:13
/opt/airflow/dags/test_dag.py              247  0.03s             1           0  0.07s           2026-01-23T13:26:06
================================================================================
[2026-01-23T13:27:07.575+0000] {manager.py:879} INFO - 
================================================================================
DAG File Processing Stats

File Path                                  PID  Runtime      # DAGs    # Errors  Last Runtime    Last Run
---------------------------------------  -----  ---------  --------  ----------  --------------  -------------------
/opt/airflow/dags/pipeline_olist_dag.py                           0           1  0.21s           2026-01-23T13:26:43
/opt/airflow/dags/test_dag.py              258  0.01s             1           0  0.10s           2026-01-23T13:26:37
================================================================================
[2026-01-23T13:27:19.622+0000] {manager.py:451} INFO - Exiting gracefully upon receiving signal 15
[2026-01-23T13:27:37.255+0000] {manager.py:469} INFO - Processing files using up to 2 processes at a time 
[2026-01-23T13:27:37.255+0000] {manager.py:470} INFO - Process each file at most once every 30 seconds
[2026-01-23T13:27:37.255+0000] {manager.py:471} INFO - Checking for new files in /opt/airflow/dags every 300 seconds
[2026-01-23T13:27:37.256+0000] {manager.py:738} INFO - Searching for files in /opt/airflow/dags
[2026-01-23T13:27:37.257+0000] {manager.py:741} INFO - There are 2 files in /opt/airflow/dags
[2026-01-23T13:27:37.306+0000] {manager.py:879} INFO - 
================================================================================
DAG File Processing Stats

File Path                                  PID  Runtime      # DAGs    # Errors  Last Runtime    Last Run
---------------------------------------  -----  ---------  --------  ----------  --------------  ----------
/opt/airflow/dags/test_dag.py              189  0.02s             0           0
/opt/airflow/dags/pipeline_olist_dag.py    186  0.02s             0           0
================================================================================
[2026-01-23T13:28:07.381+0000] {manager.py:879} INFO - 
================================================================================
DAG File Processing Stats

File Path                                  PID  Runtime      # DAGs    # Errors  Last Runtime    Last Run
---------------------------------------  -----  ---------  --------  ----------  --------------  -------------------
/opt/airflow/dags/test_dag.py              197  0.00s             1           0  0.07s           2026-01-23T13:27:37
/opt/airflow/dags/pipeline_olist_dag.py                           1           0  0.81s           2026-01-23T13:27:38
================================================================================
[2026-01-23T13:28:37.739+0000] {manager.py:879} INFO - 
================================================================================
DAG File Processing Stats

File Path                                  PID  Runtime      # DAGs    # Errors  Last Runtime    Last Run
---------------------------------------  -----  ---------  --------  ----------  --------------  -------------------
/opt/airflow/dags/test_dag.py              208  0.01s             1           0  0.09s           2026-01-23T13:28:07
/opt/airflow/dags/pipeline_olist_dag.py                           1           0  0.15s           2026-01-23T13:28:08
================================================================================
[2026-01-23T13:29:08.046+0000] {manager.py:879} INFO - 
================================================================================
DAG File Processing Stats

File Path                                  PID  Runtime      # DAGs    # Errors  Last Runtime    Last Run
---------------------------------------  -----  ---------  --------  ----------  --------------  -------------------
/opt/airflow/dags/test_dag.py              219  0.01s             1           0  0.06s           2026-01-23T13:28:37
/opt/airflow/dags/pipeline_olist_dag.py                           1           0  0.17s           2026-01-23T13:28:38
================================================================================
[2026-01-23T13:29:38.432+0000] {manager.py:879} INFO - 
================================================================================
DAG File Processing Stats

File Path                                  PID  Runtime      # DAGs    # Errors  Last Runtime    Last Run
---------------------------------------  -----  ---------  --------  ----------  --------------  -------------------
/opt/airflow/dags/test_dag.py              230  0.00s             1           0  0.07s           2026-01-23T13:29:08
/opt/airflow/dags/pipeline_olist_dag.py                           1           0  0.17s           2026-01-23T13:29:09
================================================================================
[2026-01-23T13:30:08.877+0000] {manager.py:879} INFO - 
================================================================================
DAG File Processing Stats

File Path                                  PID  Runtime      # DAGs    # Errors  Last Runtime    Last Run
---------------------------------------  -----  ---------  --------  ----------  --------------  -------------------
/opt/airflow/dags/test_dag.py              241  0.01s             1           0  0.04s           2026-01-23T13:29:38
/opt/airflow/dags/pipeline_olist_dag.py                           1           0  0.17s           2026-01-23T13:29:39
================================================================================
[2026-01-23T13:30:37.187+0000] {manager.py:1129} WARNING - Skipping processing of missing file: /opt/airflow/dags/test_dag.py
[2026-01-23T13:30:39.215+0000] {manager.py:879} INFO - 
================================================================================
DAG File Processing Stats

File Path                                PID    Runtime      # DAGs    # Errors  Last Runtime    Last Run
---------------------------------------  -----  ---------  --------  ----------  --------------  -------------------
/opt/airflow/dags/pipeline_olist_dag.py                           1           0  0.23s           2026-01-23T13:30:10
================================================================================
[2026-01-23T13:31:09.634+0000] {manager.py:879} INFO - 
================================================================================
DAG File Processing Stats

File Path                                PID    Runtime      # DAGs    # Errors  Last Runtime    Last Run
---------------------------------------  -----  ---------  --------  ----------  --------------  -------------------
/opt/airflow/dags/pipeline_olist_dag.py                           1           0  0.26s           2026-01-23T13:30:40
================================================================================
[2026-01-23T13:31:39.995+0000] {manager.py:879} INFO - 
================================================================================
DAG File Processing Stats

File Path                                PID    Runtime      # DAGs    # Errors  Last Runtime    Last Run
---------------------------------------  -----  ---------  --------  ----------  --------------  -------------------
/opt/airflow/dags/pipeline_olist_dag.py                           1           0  0.23s           2026-01-23T13:31:10
================================================================================
[2026-01-23T13:32:10.447+0000] {manager.py:879} INFO - 
================================================================================
DAG File Processing Stats

File Path                                PID    Runtime      # DAGs    # Errors  Last Runtime    Last Run
---------------------------------------  -----  ---------  --------  ----------  --------------  -------------------
/opt/airflow/dags/pipeline_olist_dag.py                           1           0  0.18s           2026-01-23T13:31:41
================================================================================
[2026-01-23T13:32:37.710+0000] {manager.py:738} INFO - Searching for files in /opt/airflow/dags
[2026-01-23T13:32:37.717+0000] {manager.py:741} INFO - There are 1 files in /opt/airflow/dags
[2026-01-23T13:32:40.755+0000] {manager.py:879} INFO - 
================================================================================
DAG File Processing Stats

File Path                                PID    Runtime      # DAGs    # Errors  Last Runtime    Last Run
---------------------------------------  -----  ---------  --------  ----------  --------------  -------------------
/opt/airflow/dags/pipeline_olist_dag.py                           1           0  0.22s           2026-01-23T13:32:11
================================================================================
[2026-01-23T13:33:11.253+0000] {manager.py:879} INFO - 
================================================================================
DAG File Processing Stats

File Path                                PID    Runtime      # DAGs    # Errors  Last Runtime    Last Run
---------------------------------------  -----  ---------  --------  ----------  --------------  -------------------
/opt/airflow/dags/pipeline_olist_dag.py                           1           0  0.20s           2026-01-23T13:32:41
================================================================================
[2026-01-23T13:33:41.545+0000] {manager.py:879} INFO - 
================================================================================
DAG File Processing Stats

File Path                                PID    Runtime      # DAGs    # Errors  Last Runtime    Last Run
---------------------------------------  -----  ---------  --------  ----------  --------------  -------------------
/opt/airflow/dags/pipeline_olist_dag.py                           1           0  0.22s           2026-01-23T13:33:12
================================================================================
[2026-01-23T13:34:11.989+0000] {manager.py:879} INFO - 
================================================================================
DAG File Processing Stats

File Path                                PID    Runtime      # DAGs    # Errors  Last Runtime    Last Run
---------------------------------------  -----  ---------  --------  ----------  --------------  -------------------
/opt/airflow/dags/pipeline_olist_dag.py                           1           0  0.22s           2026-01-23T13:33:42
================================================================================
[2026-01-23T13:34:42.307+0000] {manager.py:879} INFO - 
================================================================================
DAG File Processing Stats

File Path                                PID    Runtime      # DAGs    # Errors  Last Runtime    Last Run
---------------------------------------  -----  ---------  --------  ----------  --------------  -------------------
/opt/airflow/dags/pipeline_olist_dag.py                           1           0  0.31s           2026-01-23T13:34:13
================================================================================
[2026-01-23T13:35:12.861+0000] {manager.py:879} INFO - 
================================================================================
DAG File Processing Stats

File Path                                PID    Runtime      # DAGs    # Errors  Last Runtime    Last Run
---------------------------------------  -----  ---------  --------  ----------  --------------  -------------------
/opt/airflow/dags/pipeline_olist_dag.py                           1           0  0.27s           2026-01-23T13:34:43
================================================================================
[2026-01-23T13:35:43.187+0000] {manager.py:879} INFO - 
================================================================================
DAG File Processing Stats

File Path                                PID    Runtime      # DAGs    # Errors  Last Runtime    Last Run
---------------------------------------  -----  ---------  --------  ----------  --------------  -------------------
/opt/airflow/dags/pipeline_olist_dag.py                           1           0  0.29s           2026-01-23T13:35:14
================================================================================
[2026-01-23T13:36:13.524+0000] {manager.py:879} INFO - 
================================================================================
DAG File Processing Stats

File Path                                PID    Runtime      # DAGs    # Errors  Last Runtime    Last Run
---------------------------------------  -----  ---------  --------  ----------  --------------  -------------------
/opt/airflow/dags/pipeline_olist_dag.py                           1           0  0.21s           2026-01-23T13:35:44
================================================================================
[2026-01-23T13:36:43.644+0000] {manager.py:879} INFO - 
================================================================================
DAG File Processing Stats

File Path                                PID    Runtime      # DAGs    # Errors  Last Runtime    Last Run
---------------------------------------  -----  ---------  --------  ----------  --------------  -------------------
/opt/airflow/dags/pipeline_olist_dag.py                           1           0  0.23s           2026-01-23T13:36:29
================================================================================
[2026-01-23T13:37:13.885+0000] {manager.py:879} INFO - 
================================================================================
DAG File Processing Stats

File Path                                PID    Runtime      # DAGs    # Errors  Last Runtime    Last Run
---------------------------------------  -----  ---------  --------  ----------  --------------  -------------------
/opt/airflow/dags/pipeline_olist_dag.py                           1           0  0.31s           2026-01-23T13:36:59
================================================================================
[2026-01-23T13:37:38.223+0000] {manager.py:738} INFO - Searching for files in /opt/airflow/dags
[2026-01-23T13:37:38.231+0000] {manager.py:741} INFO - There are 1 files in /opt/airflow/dags
[2026-01-23T13:37:44.301+0000] {manager.py:879} INFO - 
================================================================================
DAG File Processing Stats

File Path                                PID    Runtime      # DAGs    # Errors  Last Runtime    Last Run
---------------------------------------  -----  ---------  --------  ----------  --------------  -------------------
/opt/airflow/dags/pipeline_olist_dag.py                           1           0  0.31s           2026-01-23T13:37:30
================================================================================
[2026-01-23T13:38:14.743+0000] {manager.py:879} INFO - 
================================================================================
DAG File Processing Stats

File Path                                PID    Runtime      # DAGs    # Errors  Last Runtime    Last Run
---------------------------------------  -----  ---------  --------  ----------  --------------  -------------------
/opt/airflow/dags/pipeline_olist_dag.py                           1           0  0.22s           2026-01-23T13:38:00
================================================================================
[2026-01-23T13:38:45.033+0000] {manager.py:879} INFO - 
================================================================================
DAG File Processing Stats

File Path                                PID    Runtime      # DAGs    # Errors  Last Runtime    Last Run
---------------------------------------  -----  ---------  --------  ----------  --------------  -------------------
/opt/airflow/dags/pipeline_olist_dag.py                           1           0  0.17s           2026-01-23T13:38:31
================================================================================
[2026-01-23T13:39:15.463+0000] {manager.py:879} INFO - 
================================================================================
DAG File Processing Stats

File Path                                PID    Runtime      # DAGs    # Errors  Last Runtime    Last Run
---------------------------------------  -----  ---------  --------  ----------  --------------  -------------------
/opt/airflow/dags/pipeline_olist_dag.py                           1           0  0.21s           2026-01-23T13:39:01
================================================================================
[2026-01-23T13:39:45.791+0000] {manager.py:879} INFO - 
================================================================================
DAG File Processing Stats

File Path                                PID    Runtime      # DAGs    # Errors  Last Runtime    Last Run
---------------------------------------  -----  ---------  --------  ----------  --------------  -------------------
/opt/airflow/dags/pipeline_olist_dag.py                           1           0  0.19s           2026-01-23T13:39:31
================================================================================
[2026-01-23T13:40:16.188+0000] {manager.py:879} INFO - 
================================================================================
DAG File Processing Stats

File Path                                PID    Runtime      # DAGs    # Errors  Last Runtime    Last Run
---------------------------------------  -----  ---------  --------  ----------  --------------  -------------------
/opt/airflow/dags/pipeline_olist_dag.py                           1           0  0.23s           2026-01-23T13:40:02
================================================================================
[2026-01-23T13:40:46.509+0000] {manager.py:879} INFO - 
================================================================================
DAG File Processing Stats

File Path                                PID    Runtime      # DAGs    # Errors  Last Runtime    Last Run
---------------------------------------  -----  ---------  --------  ----------  --------------  -------------------
/opt/airflow/dags/pipeline_olist_dag.py                           1           0  0.24s           2026-01-23T13:40:32
================================================================================
[2026-01-23T13:41:16.940+0000] {manager.py:879} INFO - 
================================================================================
DAG File Processing Stats

File Path                                PID    Runtime      # DAGs    # Errors  Last Runtime    Last Run
---------------------------------------  -----  ---------  --------  ----------  --------------  -------------------
/opt/airflow/dags/pipeline_olist_dag.py                           1           0  0.19s           2026-01-23T13:41:02
================================================================================
[2026-01-23T13:41:47.263+0000] {manager.py:879} INFO - 
================================================================================
DAG File Processing Stats

File Path                                PID    Runtime      # DAGs    # Errors  Last Runtime    Last Run
---------------------------------------  -----  ---------  --------  ----------  --------------  -------------------
/opt/airflow/dags/pipeline_olist_dag.py                           1           0  0.29s           2026-01-23T13:41:33
================================================================================
[2026-01-23T13:42:17.718+0000] {manager.py:879} INFO - 
================================================================================
DAG File Processing Stats

File Path                                PID    Runtime      # DAGs    # Errors  Last Runtime    Last Run
---------------------------------------  -----  ---------  --------  ----------  --------------  -------------------
/opt/airflow/dags/pipeline_olist_dag.py                           1           0  0.39s           2026-01-23T13:41:58
================================================================================
[2026-01-23T13:42:38.437+0000] {manager.py:738} INFO - Searching for files in /opt/airflow/dags
[2026-01-23T13:42:38.443+0000] {manager.py:741} INFO - There are 1 files in /opt/airflow/dags
[2026-01-23T13:42:48.251+0000] {manager.py:879} INFO - 
================================================================================
DAG File Processing Stats

File Path                                PID    Runtime      # DAGs    # Errors  Last Runtime    Last Run
---------------------------------------  -----  ---------  --------  ----------  --------------  -------------------
/opt/airflow/dags/pipeline_olist_dag.py                           1           0  0.32s           2026-01-23T13:42:37
================================================================================
