[2026-01-23T14:30:02.341+0000] {taskinstance.py:1956} INFO - Dependencies all met for dep_context=non-requeueable deps ti=<TaskInstance: olist_pipeline.upload_raw_to_gcs scheduled__2026-01-23T14:20:00+00:00 [queued]>
[2026-01-23T14:30:02.344+0000] {taskinstance.py:1956} INFO - Dependencies all met for dep_context=requeueable deps ti=<TaskInstance: olist_pipeline.upload_raw_to_gcs scheduled__2026-01-23T14:20:00+00:00 [queued]>
[2026-01-23T14:30:02.344+0000] {taskinstance.py:2170} INFO - Starting attempt 1 of 1
[2026-01-23T14:30:02.349+0000] {taskinstance.py:2191} INFO - Executing <Task(PythonOperator): upload_raw_to_gcs> on 2026-01-23 14:20:00+00:00
[2026-01-23T14:30:02.353+0000] {standard_task_runner.py:60} INFO - Started process 573 to run task
[2026-01-23T14:30:02.354+0000] {standard_task_runner.py:87} INFO - Running: ['***', 'tasks', 'run', 'olist_pipeline', 'upload_raw_to_gcs', 'scheduled__2026-01-23T14:20:00+00:00', '--job-id', '35', '--raw', '--subdir', 'DAGS_FOLDER/pipeline_olist_dag.py', '--cfg-path', '/tmp/tmp6q2hnt_s']
[2026-01-23T14:30:02.356+0000] {standard_task_runner.py:88} INFO - Job 35: Subtask upload_raw_to_gcs
[2026-01-23T14:30:02.374+0000] {task_command.py:423} INFO - Running <TaskInstance: olist_pipeline.upload_raw_to_gcs scheduled__2026-01-23T14:20:00+00:00 [running]> on host 670cbe741020
[2026-01-23T14:30:02.404+0000] {taskinstance.py:2480} INFO - Exporting env vars: AIRFLOW_CTX_DAG_OWNER='***' AIRFLOW_CTX_DAG_ID='olist_pipeline' AIRFLOW_CTX_TASK_ID='upload_raw_to_gcs' AIRFLOW_CTX_EXECUTION_DATE='2026-01-23T14:20:00+00:00' AIRFLOW_CTX_TRY_NUMBER='1' AIRFLOW_CTX_DAG_RUN_ID='scheduled__2026-01-23T14:20:00+00:00'
[2026-01-23T14:30:02.407+0000] {upload_raw_gcs.py:17} INFO - Iniciando upload dos arquivos RAW para o GCS
[2026-01-23T14:30:03.507+0000] {logging_mixin.py:188} INFO - 2026-01-23 14:30:03 | SUCCESS | raw/olist/sellers/olist_sellers_dataset.csv subido com sucesso!
[2026-01-23T14:30:03.842+0000] {logging_mixin.py:188} INFO - 2026-01-23 14:30:03 | SUCCESS | raw/olist/category_name/product_category_name_translation.csv subido com sucesso!
[2026-01-23T14:30:06.067+0000] {logging_mixin.py:188} INFO - 2026-01-23 14:30:06 | SUCCESS | raw/olist/orders/olist_orders_dataset.csv subido com sucesso!
[2026-01-23T14:30:08.621+0000] {logging_mixin.py:188} INFO - 2026-01-23 14:30:08 | SUCCESS | raw/olist/order_items/olist_order_items_dataset.csv subido com sucesso!
[2026-01-23T14:30:10.985+0000] {logging_mixin.py:188} INFO - 2026-01-23 14:30:10 | SUCCESS | raw/olist/customers/olist_customers_dataset.csv subido com sucesso!
[2026-01-23T14:30:16.482+0000] {logging_mixin.py:188} INFO - 2026-01-23 14:30:16 | SUCCESS | raw/olist/geolocation/olist_geolocation_dataset.csv subido com sucesso!
[2026-01-23T14:30:18.205+0000] {logging_mixin.py:188} INFO - 2026-01-23 14:30:18 | SUCCESS | raw/olist/order_payments/olist_order_payments_dataset.csv subido com sucesso!
[2026-01-23T14:30:20.814+0000] {logging_mixin.py:188} INFO - 2026-01-23 14:30:20 | SUCCESS | raw/olist/order_reviews/olist_order_reviews_dataset.csv subido com sucesso!
[2026-01-23T14:30:22.376+0000] {logging_mixin.py:188} INFO - 2026-01-23 14:30:22 | SUCCESS | raw/olist/products/olist_products_dataset.csv subido com sucesso!
[2026-01-23T14:30:22.377+0000] {upload_raw_gcs.py:33} INFO - Upload RAW para o GCS finalizado com sucesso
[2026-01-23T14:30:22.378+0000] {python.py:201} INFO - Done. Returned value was: None
[2026-01-23T14:30:22.399+0000] {taskinstance.py:1138} INFO - Marking task as SUCCESS. dag_id=olist_pipeline, task_id=upload_raw_to_gcs, execution_date=20260123T142000, start_date=20260123T143002, end_date=20260123T143022
[2026-01-23T14:30:22.447+0000] {local_task_job_runner.py:234} INFO - Task exited with return code 0
[2026-01-23T14:30:22.465+0000] {taskinstance.py:3280} INFO - 2 downstream tasks scheduled from follow-on schedule check
