[0m14:25:46.476845 [debug] [MainThread]: Sending event: {'category': 'dbt', 'action': 'invocation', 'label': 'start', 'context': [<snowplow_tracker.self_describing_json.SelfDescribingJson object at 0x10871d450>, <snowplow_tracker.self_describing_json.SelfDescribingJson object at 0x10b03a3d0>, <snowplow_tracker.self_describing_json.SelfDescribingJson object at 0x10b327290>]}


============================== 14:25:46.479408 | 1a3900b7-e02e-48ce-9281-9b82c2b15c53 ==============================
[0m14:25:46.479408 [info ] [MainThread]: Running with dbt=1.11.2
[0m14:25:46.479750 [debug] [MainThread]: running dbt with arguments {'fail_fast': 'False', 'profiles_dir': '/Users/gustavo/.dbt', 'introspect': 'True', 'use_experimental_parser': 'False', 'use_colors': 'True', 'printer_width': '80', 'warn_error_options': 'WarnErrorOptionsV2(error=[], warn=[], silence=[])', 'send_anonymous_usage_stats': 'True', 'target_path': 'None', 'warn_error': 'None', 'invocation_command': 'dbt init olist_dbt', 'debug': 'False', 'cache_selected_only': 'False', 'no_print': 'None', 'version_check': 'True', 'log_format': 'default', 'quiet': 'False', 'log_path': 'logs', 'log_cache_events': 'False', 'static_parser': 'True', 'write_json': 'True', 'partial_parse': 'True', 'indirect_selection': 'eager', 'empty': 'None'}
[0m14:25:46.490499 [debug] [MainThread]: Starter project path: /Users/gustavo/Documents/Projetos/project-olist/.venv/lib/python3.11/site-packages/dbt/include/starter_project
[0m14:25:46.498162 [info ] [MainThread]: 
Your new dbt project "olist_dbt" was created!

For more information on how to configure the profiles.yml file,
please consult the dbt documentation here:

  https://docs.getdbt.com/docs/configure-your-profile

One more thing:

Need help? Don't hesitate to reach out to us via GitHub issues or on Slack:

  https://community.getdbt.com/

Happy modeling!

[0m14:25:46.498408 [info ] [MainThread]: Setting up your profile.
[0m14:26:30.683275 [info ] [MainThread]: Profile olist_dbt written to /Users/gustavo/.dbt/profiles.yml using target's profile_template.yml and your supplied values. Run 'dbt debug' to validate the connection.
[0m14:26:30.694152 [debug] [MainThread]: Resource report: {"command_name": "init", "command_success": true, "command_wall_clock_time": 44.253258, "process_in_blocks": "0", "process_kernel_time": 1.205258, "process_mem_max_rss": "382631936", "process_out_blocks": "0", "process_user_time": 2.73143}
[0m14:26:30.695347 [debug] [MainThread]: Command `dbt init` succeeded at 14:26:30.695210 after 44.25 seconds
[0m14:26:30.695804 [debug] [MainThread]: Sending event: {'category': 'dbt', 'action': 'invocation', 'label': 'end', 'context': [<snowplow_tracker.self_describing_json.SelfDescribingJson object at 0x10b2ffe50>, <snowplow_tracker.self_describing_json.SelfDescribingJson object at 0x1070eaa50>, <snowplow_tracker.self_describing_json.SelfDescribingJson object at 0x10718f090>]}
[0m14:26:30.696253 [debug] [MainThread]: Flushing usage events
[0m14:26:31.313873 [debug] [MainThread]: An error was encountered while trying to flush usage events
